[debug] [2023-06-06T16:47:46.949Z] ----------------------------------------------------------------------
[debug] [2023-06-06T16:47:46.952Z] Command:       C:\Program Files\nodejs\node.exe C:\Users\USER\AppData\Roaming\npm\node_modules\firebase-tools\lib\bin\firebase.js use --add
[debug] [2023-06-06T16:47:46.953Z] CLI Version:   11.0.1
[debug] [2023-06-06T16:47:46.953Z] Platform:      win32
[debug] [2023-06-06T16:47:46.953Z] Node Version:  v16.13.1
[debug] [2023-06-06T16:47:46.954Z] Time:          Tue Jun 06 2023 22:47:46 GMT+0600 (Bangladesh Standard Time)
[debug] [2023-06-06T16:47:46.955Z] ----------------------------------------------------------------------
[debug] 
[debug] [2023-06-06T16:47:47.026Z] > command requires scopes: ["email","openid","https://www.googleapis.com/auth/cloudplatformprojects.readonly","https://www.googleapis.com/auth/firebase","https://www.googleapis.com/auth/cloud-platform"]
[debug] [2023-06-06T16:47:47.026Z] > authorizing via signed-in user (sanvirahman101@gmail.com)
[debug] [2023-06-06T16:47:47.028Z] > refreshing access token with scopes: []
[debug] [2023-06-06T16:47:47.029Z] >>> HTTP REQUEST POST https://www.googleapis.com/oauth2/v3/token  
 <request body omitted>
[debug] [2023-06-06T16:47:47.268Z] <<< HTTP RESPONSE 400 {"date":"Tue, 06 Jun 2023 16:47:46 GMT","pragma":"no-cache","expires":"Mon, 01 Jan 1990 00:00:00 GMT","cache-control":"no-cache, no-store, max-age=0, must-revalidate","content-type":"application/json; charset=utf-8","vary":"X-Origin, Referer, Origin,Accept-Encoding","server":"scaffolding on HTTPServer2","x-xss-protection":"0","x-frame-options":"SAMEORIGIN","x-content-type-options":"nosniff","alt-svc":"h3=\":443\"; ma=2592000,h3-29=\":443\"; ma=2592000","accept-ranges":"none","transfer-encoding":"chunked"}
[debug] [2023-06-06T16:47:47.271Z] >>> [apiv2][query] GET https://firebase.googleapis.com/v1beta1/projects pageSize=1000
[debug] [2023-06-06T16:47:47.509Z] <<< [apiv2][status] GET https://firebase.googleapis.com/v1beta1/projects 401
[debug] [2023-06-06T16:47:47.509Z] <<< [apiv2][body] GET https://firebase.googleapis.com/v1beta1/projects [omitted]
[debug] [2023-06-06T16:47:47.510Z] HTTP Error: 401, Request had invalid authentication credentials. Expected OAuth 2 access token, login cookie or other valid authentication credential. See https://developers.google.com/identity/sign-in/web/devconsole-project.
[debug] [2023-06-06T16:47:47.731Z] FirebaseError: HTTP Error: 401, Request had invalid authentication credentials. Expected OAuth 2 access token, login cookie or other valid authentication credential. See https://developers.google.com/identity/sign-in/web/devconsole-project.
    at module.exports (C:\Users\USER\AppData\Roaming\npm\node_modules\firebase-tools\lib\responseToError.js:47:12)
    at RetryOperation._fn (C:\Users\USER\AppData\Roaming\npm\node_modules\firebase-tools\lib\apiv2.js:286:39)
    at processTicksAndRejections (node:internal/process/task_queues:96:5)
[error] 
[error] Error: Failed to list Firebase projects. See firebase-debug.log for more info.
[debug] [2023-06-06T16:48:04.447Z] ----------------------------------------------------------------------
[debug] [2023-06-06T16:48:04.449Z] Command:       C:\Program Files\nodejs\node.exe C:\Users\USER\AppData\Roaming\npm\node_modules\firebase-tools\lib\bin\firebase.js deploy
[debug] [2023-06-06T16:48:04.450Z] CLI Version:   11.0.1
[debug] [2023-06-06T16:48:04.450Z] Platform:      win32
[debug] [2023-06-06T16:48:04.450Z] Node Version:  v16.13.1
[debug] [2023-06-06T16:48:04.451Z] Time:          Tue Jun 06 2023 22:48:04 GMT+0600 (Bangladesh Standard Time)
[debug] [2023-06-06T16:48:04.451Z] ----------------------------------------------------------------------
[debug] 
[debug] [2023-06-06T16:48:04.526Z] > command requires scopes: ["email","openid","https://www.googleapis.com/auth/cloudplatformprojects.readonly","https://www.googleapis.com/auth/firebase","https://www.googleapis.com/auth/cloud-platform"]
[debug] [2023-06-06T16:48:04.527Z] > authorizing via signed-in user (sanvirahman101@gmail.com)
[debug] [2023-06-06T16:48:04.527Z] [iam] checking project portfolio-46384 for permissions ["firebase.projects.get","firebasehosting.sites.update"]
[debug] [2023-06-06T16:48:04.529Z] > refreshing access token with scopes: []
[debug] [2023-06-06T16:48:04.530Z] >>> HTTP REQUEST POST https://www.googleapis.com/oauth2/v3/token  
 <request body omitted>
[debug] [2023-06-06T16:48:04.768Z] <<< HTTP RESPONSE 400 {"cache-control":"no-cache, no-store, max-age=0, must-revalidate","expires":"Mon, 01 Jan 1990 00:00:00 GMT","date":"Tue, 06 Jun 2023 16:48:04 GMT","pragma":"no-cache","content-type":"application/json; charset=utf-8","vary":"X-Origin, Referer, Origin,Accept-Encoding","server":"scaffolding on HTTPServer2","x-xss-protection":"0","x-frame-options":"SAMEORIGIN","x-content-type-options":"nosniff","alt-svc":"h3=\":443\"; ma=2592000,h3-29=\":443\"; ma=2592000","accept-ranges":"none","transfer-encoding":"chunked"}
[debug] [2023-06-06T16:48:04.771Z] >>> [apiv2][query] POST https://cloudresourcemanager.googleapis.com/v1/projects/portfolio-46384:testIamPermissions [none]
[debug] [2023-06-06T16:48:04.771Z] >>> [apiv2][body] POST https://cloudresourcemanager.googleapis.com/v1/projects/portfolio-46384:testIamPermissions {"permissions":["firebase.projects.get","firebasehosting.sites.update"]}
[debug] [2023-06-06T16:48:06.078Z] <<< [apiv2][status] POST https://cloudresourcemanager.googleapis.com/v1/projects/portfolio-46384:testIamPermissions 401
[debug] [2023-06-06T16:48:06.079Z] <<< [apiv2][body] POST https://cloudresourcemanager.googleapis.com/v1/projects/portfolio-46384:testIamPermissions {"error":{"code":401,"message":"Request had invalid authentication credentials. Expected OAuth 2 access token, login cookie or other valid authentication credential. See https://developers.google.com/identity/sign-in/web/devconsole-project.","status":"UNAUTHENTICATED","details":[{"@type":"type.googleapis.com/google.rpc.ErrorInfo","reason":"ACCESS_TOKEN_TYPE_UNSUPPORTED","metadata":{"service":"cloudresourcemanager.googleapis.com","method":"google.cloudresourcemanager.v1.Projects.TestIamPermissions"}}]}}
[debug] [2023-06-06T16:48:06.080Z] [iam] error while checking permissions, command may fail: FirebaseError: HTTP Error: 401, Request had invalid authentication credentials. Expected OAuth 2 access token, login cookie or other valid authentication credential. See https://developers.google.com/identity/sign-in/web/devconsole-project.
[debug] [2023-06-06T16:48:06.081Z] > refreshing access token with scopes: []
[debug] [2023-06-06T16:48:06.082Z] >>> HTTP REQUEST POST https://www.googleapis.com/oauth2/v3/token  
 <request body omitted>
[debug] [2023-06-06T16:48:06.299Z] <<< HTTP RESPONSE 400 {"cache-control":"no-cache, no-store, max-age=0, must-revalidate","date":"Tue, 06 Jun 2023 16:48:05 GMT","pragma":"no-cache","expires":"Mon, 01 Jan 1990 00:00:00 GMT","content-type":"application/json; charset=utf-8","vary":"X-Origin, Referer, Origin,Accept-Encoding","server":"scaffolding on HTTPServer2","x-xss-protection":"0","x-frame-options":"SAMEORIGIN","x-content-type-options":"nosniff","alt-svc":"h3=\":443\"; ma=2592000,h3-29=\":443\"; ma=2592000","accept-ranges":"none","transfer-encoding":"chunked"}
[debug] [2023-06-06T16:48:06.303Z] >>> [apiv2][query] GET https://firebase.googleapis.com/v1beta1/projects/portfolio-46384 [none]
[debug] [2023-06-06T16:48:06.546Z] <<< [apiv2][status] GET https://firebase.googleapis.com/v1beta1/projects/portfolio-46384 401
[debug] [2023-06-06T16:48:06.546Z] <<< [apiv2][body] GET https://firebase.googleapis.com/v1beta1/projects/portfolio-46384 {"error":{"code":401,"message":"Request had invalid authentication credentials. Expected OAuth 2 access token, login cookie or other valid authentication credential. See https://developers.google.com/identity/sign-in/web/devconsole-project.","status":"UNAUTHENTICATED"}}
[debug] [2023-06-06T16:48:06.546Z] HTTP Error: 401, Request had invalid authentication credentials. Expected OAuth 2 access token, login cookie or other valid authentication credential. See https://developers.google.com/identity/sign-in/web/devconsole-project.
[debug] [2023-06-06T16:48:06.764Z] FirebaseError: HTTP Error: 401, Request had invalid authentication credentials. Expected OAuth 2 access token, login cookie or other valid authentication credential. See https://developers.google.com/identity/sign-in/web/devconsole-project.
    at module.exports (C:\Users\USER\AppData\Roaming\npm\node_modules\firebase-tools\lib\responseToError.js:47:12)
    at RetryOperation._fn (C:\Users\USER\AppData\Roaming\npm\node_modules\firebase-tools\lib\apiv2.js:286:39)
    at processTicksAndRejections (node:internal/process/task_queues:96:5)
[error] 
[error] Error: Failed to get Firebase project portfolio-46384. Please make sure the project exists and your account has permission to access it.
